<?xml version="1.0" encoding="UTF-8"?>
<!-- Generated by org.testng.reporters.JUnitReportReporter -->
<testsuite hostname="Sudeeps-MBP.local" failures="0" tests="22" name="com.iscp.tests.TestRunner" time="0.251" errors="0" timestamp="2022-03-11T02:18:07 IST" skipped="0">
  <testcase classname="com.iscp.tests.TestRunner" name="runScenario" time="0.009"/>
  <system-out/>
  <testcase classname="com.iscp.tests.TestRunner" name="runScenario" time="0.009"/>
  <system-out/>
  <testcase classname="com.iscp.tests.TestRunner" name="runScenario" time="0.004"/>
  <system-out/>
  <testcase classname="com.iscp.tests.TestRunner" name="runScenario" time="0.013"/>
  <system-out/>
  <testcase classname="com.iscp.tests.TestRunner" name="runScenario" time="0.011"/>
  <system-out/>
  <testcase classname="com.iscp.tests.TestRunner" name="runScenario" time="0.004"/>
  <system-out/>
  <testcase classname="com.iscp.tests.TestRunner" name="runScenario" time="0.003"/>
  <system-out/>
  <testcase classname="com.iscp.tests.TestRunner" name="runScenario" time="0.012"/>
  <system-out/>
  <testcase classname="com.iscp.tests.TestRunner" name="runScenario" time="0.012"/>
  <system-out/>
  <testcase classname="com.iscp.tests.TestRunner" name="runScenario" time="0.005"/>
  <system-out/>
  <testcase classname="com.iscp.tests.TestRunner" name="runScenario" time="0.003"/>
  <system-out/>
  <testcase classname="com.iscp.tests.TestRunner" name="runScenario" time="0.020"/>
  <system-out/>
  <testcase classname="com.iscp.tests.TestRunner" name="runScenario" time="0.004"/>
  <system-out/>
  <testcase classname="com.iscp.tests.TestRunner" name="runScenario" time="0.005"/>
  <system-out/>
  <testcase classname="com.iscp.tests.TestRunner" name="runScenario" time="0.006"/>
  <system-out/>
  <testcase classname="com.iscp.tests.TestRunner" name="runScenario" time="0.008"/>
  <system-out/>
  <testcase classname="com.iscp.tests.TestRunner" name="runScenario" time="0.004"/>
  <system-out/>
  <testcase classname="com.iscp.tests.TestRunner" name="runScenario" time="0.010"/>
  <system-out/>
  <testcase classname="com.iscp.tests.TestRunner" name="runScenario" time="0.008"/>
  <system-out/>
  <testcase classname="com.iscp.tests.TestRunner" name="runScenario" time="0.005"/>
  <system-out/>
  <testcase classname="com.iscp.tests.TestRunner" name="runScenario" time="0.092"/>
  <system-out/>
  <testcase classname="com.iscp.tests.TestRunner" name="runScenario" time="0.004"/>
  <system-out/>
</testsuite> <!-- com.iscp.tests.TestRunner -->
